<html>
<head>
<title>TestNG:  Surefire test</title>
<link href="../testng.css" rel="stylesheet" type="text/css" />
<link href="../my-testng.css" rel="stylesheet" type="text/css" />

<style type="text/css">
.log { display: none;} 
.stack-trace { display: none;} 
</style>
<script type="text/javascript">
<!--
function flip(e) {
  current = e.style.display;
  if (current == 'block') {
    e.style.display = 'none';
    return 0;
  }
  else {
    e.style.display = 'block';
    return 1;
  }
}

function toggleBox(szDivId, elem, msg1, msg2)
{
  var res = -1;  if (document.getElementById) {
    res = flip(document.getElementById(szDivId));
  }
  else if (document.all) {
    // this is the way old msie versions work
    res = flip(document.all[szDivId]);
  }
  if(elem) {
    if(res == 0) elem.innerHTML = msg1; else elem.innerHTML = msg2;
  }

}

function toggleAllBoxes() {
  if (document.getElementsByTagName) {
    d = document.getElementsByTagName('div');
    for (i = 0; i < d.length; i++) {
      if (d[i].className == 'log') {
        flip(d[i]);
      }
    }
  }
}

// -->
</script>

</head>
<body>
<h2 align='center'>Surefire test</h2><table border='1' align="center">
<tr>
<td>Tests passed/Failed/Skipped:</td><td>20/1/0</td>
</tr><tr>
<td>Started on:</td><td>Fri Dec 29 18:03:42 EST 2023</td>
</tr>
<tr><td>Total time:</td><td>121 seconds (121188 ms)</td>
</tr><tr>
<td>Included groups:</td><td></td>
</tr><tr>
<td>Excluded groups:</td><td></td>
</tr>
</table><p/>
<small><i>(Hover the method name to see the test class name)</i></small><p/>
<table width='100%' border='1' class='invocation-failed'>
<tr><td colspan='4' align='center'><b>FAILED TESTS</b></td></tr>
<tr><td><b>Test method</b></td>
<td><b>Attribute(s)</b></td>
<td width="30%"><b>Exception</b></td>
<td width="10%"><b>Time (seconds)</b></td>
<td><b>Instance</b></td>
</tr>
<tr>
<td title='com.tutorialsninja.qa.TestCases.SearchProductTest.verifySearchWithValidProduct()'><b>verifySearchWithValidProduct</b><br>Test class: com.tutorialsninja.qa.TestCases.SearchProductTest</td>
<td><div><pre>java.lang.AssertionError: expected [false] but found [true]
	at com.tutorialsninja.qa.TestCases.SearchProductTest.verifySearchWithValidProduct(SearchProductTest.java:33)
	at java.base/java.util.ArrayList.forEach(ArrayList.java:1511)
... Removed 36 stack frames</pre></div><a href='#' onClick='toggleBox("stack-trace1219403403", this, "Click to show all stack frames", "Click to hide stack frames")'>Click to show all stack frames</a>
<div class='stack-trace' id='stack-trace1219403403'><pre>java.lang.AssertionError: expected [false] but found [true]
	at org.testng.Assert.fail(Assert.java:111)
	at org.testng.Assert.failNotEquals(Assert.java:1578)
	at org.testng.Assert.assertFalse(Assert.java:79)
	at org.testng.Assert.assertFalse(Assert.java:89)
	at com.tutorialsninja.qa.TestCases.SearchProductTest.verifySearchWithValidProduct(SearchProductTest.java:33)
	at java.base/jdk.internal.reflect.NativeMethodAccessorImpl.invoke0(Native Method)
	at java.base/jdk.internal.reflect.NativeMethodAccessorImpl.invoke(NativeMethodAccessorImpl.java:77)
	at java.base/jdk.internal.reflect.DelegatingMethodAccessorImpl.invoke(DelegatingMethodAccessorImpl.java:43)
	at java.base/java.lang.reflect.Method.invoke(Method.java:568)
	at org.testng.internal.invokers.MethodInvocationHelper.invokeMethod(MethodInvocationHelper.java:139)
	at org.testng.internal.invokers.TestInvoker.invokeMethod(TestInvoker.java:664)
	at org.testng.internal.invokers.TestInvoker.invokeTestMethod(TestInvoker.java:227)
	at org.testng.internal.invokers.MethodRunner.runInSequence(MethodRunner.java:50)
	at org.testng.internal.invokers.TestInvoker$MethodInvocationAgent.invoke(TestInvoker.java:957)
	at org.testng.internal.invokers.TestInvoker.invokeTestMethods(TestInvoker.java:200)
	at org.testng.internal.invokers.TestMethodWorker.invokeTestMethods(TestMethodWorker.java:148)
	at org.testng.internal.invokers.TestMethodWorker.run(TestMethodWorker.java:128)
	at java.base/java.util.ArrayList.forEach(ArrayList.java:1511)
	at org.testng.TestRunner.privateRun(TestRunner.java:848)
	at org.testng.TestRunner.run(TestRunner.java:621)
	at org.testng.SuiteRunner.runTest(SuiteRunner.java:443)
	at org.testng.SuiteRunner.runSequentially(SuiteRunner.java:437)
	at org.testng.SuiteRunner.privateRun(SuiteRunner.java:397)
	at org.testng.SuiteRunner.run(SuiteRunner.java:336)
	at org.testng.SuiteRunnerWorker.runSuite(SuiteRunnerWorker.java:52)
	at org.testng.SuiteRunnerWorker.run(SuiteRunnerWorker.java:95)
	at org.testng.TestNG.runSuitesSequentially(TestNG.java:1280)
	at org.testng.TestNG.runSuitesLocally(TestNG.java:1200)
	at org.testng.TestNG.runSuites(TestNG.java:1114)
	at org.testng.TestNG.run(TestNG.java:1082)
	at org.apache.maven.surefire.testng.TestNGExecutor.run(TestNGExecutor.java:135)
	at org.apache.maven.surefire.testng.TestNGDirectoryTestSuite.executeMulti(TestNGDirectoryTestSuite.java:193)
	at org.apache.maven.surefire.testng.TestNGDirectoryTestSuite.execute(TestNGDirectoryTestSuite.java:94)
	at org.apache.maven.surefire.testng.TestNGProvider.invoke(TestNGProvider.java:146)
	at org.apache.maven.surefire.booter.ForkedBooter.invokeProviderInSameClassLoader(ForkedBooter.java:384)
	at org.apache.maven.surefire.booter.ForkedBooter.runSuitesInProcess(ForkedBooter.java:345)
	at org.apache.maven.surefire.booter.ForkedBooter.execute(ForkedBooter.java:126)
	at org.apache.maven.surefire.booter.ForkedBooter.main(ForkedBooter.java:418)
</pre></div></td>
<td>0</td>
<td>com.tutorialsninja.qa.TestCases.SearchProductTest@4fe767f3</td></tr>
</table><p>
<table width='100%' border='1' class='invocation-passed'>
<tr><td colspan='4' align='center'><b>PASSED TESTS</b></td></tr>
<tr><td><b>Test method</b></td>
<td><b>Attribute(s)</b></td>
<td width="30%"><b>Exception</b></td>
<td width="10%"><b>Time (seconds)</b></td>
<td><b>Instance</b></td>
</tr>
<tr>
<td title='com.tutorialsninja.qa.TestCases.LoginTest.verifyLoginWithValidCredentials()'><b>verifyLoginWithValidCredentials</b><br>Test class: com.tutorialsninja.qa.TestCases.LoginTest<br>Parameters: seleniumpanda2@gmail.com, Selenium@123</td>
<td></td>
<td>0</td>
<td>com.tutorialsninja.qa.TestCases.LoginTest@43ee72e6</td></tr>
<tr>
<td title='com.tutorialsninja.qa.TestCases.LoginTest.verifyLoginWithValidCredentials()'><b>verifyLoginWithValidCredentials</b><br>Test class: com.tutorialsninja.qa.TestCases.LoginTest<br>Parameters: seleniumpanda@gmail.com, Selenium@123</td>
<td></td>
<td>0</td>
<td>com.tutorialsninja.qa.TestCases.LoginTest@43ee72e6</td></tr>
<tr>
<td title='com.tutorialsninja.qa.TestCases.LoginTest.VerifyLoginWithInvalidCredentials()'><b>VerifyLoginWithInvalidCredentials</b><br>Test class: com.tutorialsninja.qa.TestCases.LoginTest</td>
<td></td>
<td>0</td>
<td>com.tutorialsninja.qa.TestCases.LoginTest@43ee72e6</td></tr>
<tr>
<td title='com.tutorialsninja.qa.TestCases.RegisterTest.verifyingRegisterWithMismatchPassword()'><b>verifyingRegisterWithMismatchPassword</b><br>Test class: com.tutorialsninja.qa.TestCases.RegisterTest</td>
<td></td>
<td>0</td>
<td>com.tutorialsninja.qa.TestCases.RegisterTest@23529fee</td></tr>
<tr>
<td title='com.tutorialsninja.qa.TestCases.RegisterTest.verifyingRegisterWithMandatoryFields()'><b>verifyingRegisterWithMandatoryFields</b><br>Test class: com.tutorialsninja.qa.TestCases.RegisterTest</td>
<td></td>
<td>1</td>
<td>com.tutorialsninja.qa.TestCases.RegisterTest@23529fee</td></tr>
<tr>
<td title='com.tutorialsninja.qa.TestCases.SearchProductTest.verifySearchWithInvalidProduct()'><b>verifySearchWithInvalidProduct</b><br>Test class: com.tutorialsninja.qa.TestCases.SearchProductTest</td>
<td></td>
<td>0</td>
<td>com.tutorialsninja.qa.TestCases.SearchProductTest@4fe767f3</td></tr>
<tr>
<td title='com.tutorialsninja.qa.TestCases.LoginTest.VerifyLoginWithNoCredentials()'><b>VerifyLoginWithNoCredentials</b><br>Test class: com.tutorialsninja.qa.TestCases.LoginTest</td>
<td></td>
<td>0</td>
<td>com.tutorialsninja.qa.TestCases.LoginTest@43ee72e6</td></tr>
<tr>
<td title='com.tutorialsninja.qa.TestCases.LoginTest.verifyLoginWithValidCredentials()'><b>verifyLoginWithValidCredentials</b><br>Test class: com.tutorialsninja.qa.TestCases.LoginTest<br>Parameters: seleniumpanda3@gmail.com, Selenium@123</td>
<td></td>
<td>0</td>
<td>com.tutorialsninja.qa.TestCases.LoginTest@43ee72e6</td></tr>
<tr>
<td title='com.tutorialsninja.qa.TestCases.RegisterTest.verifyingRegisterWithExistingEmail()'><b>verifyingRegisterWithExistingEmail</b><br>Test class: com.tutorialsninja.qa.TestCases.RegisterTest</td>
<td></td>
<td>0</td>
<td>com.tutorialsninja.qa.TestCases.RegisterTest@23529fee</td></tr>
<tr>
<td title='com.tutorialsninja.qa.TestCases.RegisterTest.verifyingRegisterWithNoFields()'><b>verifyingRegisterWithNoFields</b><br>Test class: com.tutorialsninja.qa.TestCases.RegisterTest</td>
<td></td>
<td>0</td>
<td>com.tutorialsninja.qa.TestCases.RegisterTest@23529fee</td></tr>
<tr>
<td title='com.tutorialsninja.qa.TestCases.LoginTest.verifyLoginWithValidCredentials()'><b>verifyLoginWithValidCredentials</b><br>Test class: com.tutorialsninja.qa.TestCases.LoginTest<br>Parameters: seleniumpanda7@gmail.com, Selenium@123</td>
<td></td>
<td>0</td>
<td>com.tutorialsninja.qa.TestCases.LoginTest@43ee72e6</td></tr>
<tr>
<td title='com.tutorialsninja.qa.TestCases.AddToCartTest.checkingOutValidProduct()'><b>checkingOutValidProduct</b><br>Test class: com.tutorialsninja.qa.TestCases.AddToCartTest</td>
<td></td>
<td>10</td>
<td>com.tutorialsninja.qa.TestCases.AddToCartTest@45dd4eda</td></tr>
<tr>
<td title='com.tutorialsninja.qa.TestCases.RegisterTest.verifyingRegisterWithAllFields()'><b>verifyingRegisterWithAllFields</b><br>Test class: com.tutorialsninja.qa.TestCases.RegisterTest</td>
<td></td>
<td>1</td>
<td>com.tutorialsninja.qa.TestCases.RegisterTest@23529fee</td></tr>
<tr>
<td title='com.tutorialsninja.qa.TestCases.LoginTest.verifyLoginWithValidCredentials()'><b>verifyLoginWithValidCredentials</b><br>Test class: com.tutorialsninja.qa.TestCases.LoginTest<br>Parameters: seleniumpanda1@gmail.com, Selenium@123</td>
<td></td>
<td>0</td>
<td>com.tutorialsninja.qa.TestCases.LoginTest@43ee72e6</td></tr>
<tr>
<td title='com.tutorialsninja.qa.TestCases.LoginTest.VerifyLoginWithInvalidEmailValidPassword()'><b>VerifyLoginWithInvalidEmailValidPassword</b><br>Test class: com.tutorialsninja.qa.TestCases.LoginTest</td>
<td></td>
<td>0</td>
<td>com.tutorialsninja.qa.TestCases.LoginTest@43ee72e6</td></tr>
<tr>
<td title='com.tutorialsninja.qa.TestCases.LoginTest.VerifyLoginWithValidEmailInvalidPassword()'><b>VerifyLoginWithValidEmailInvalidPassword</b><br>Test class: com.tutorialsninja.qa.TestCases.LoginTest</td>
<td></td>
<td>0</td>
<td>com.tutorialsninja.qa.TestCases.LoginTest@43ee72e6</td></tr>
<tr>
<td title='com.tutorialsninja.qa.TestCases.LoginTest.verifyLoginWithValidCredentials()'><b>verifyLoginWithValidCredentials</b><br>Test class: com.tutorialsninja.qa.TestCases.LoginTest<br>Parameters: seleniumpanda6@gmail.com, Selenium@123</td>
<td></td>
<td>0</td>
<td>com.tutorialsninja.qa.TestCases.LoginTest@43ee72e6</td></tr>
<tr>
<td title='com.tutorialsninja.qa.TestCases.LoginTest.verifyLoginWithValidCredentials()'><b>verifyLoginWithValidCredentials</b><br>Test class: com.tutorialsninja.qa.TestCases.LoginTest<br>Parameters: seleniumpanda4@gmail.com, Selenium@123</td>
<td></td>
<td>0</td>
<td>com.tutorialsninja.qa.TestCases.LoginTest@43ee72e6</td></tr>
<tr>
<td title='com.tutorialsninja.qa.TestCases.LoginTest.verifyLoginWithValidCredentials()'><b>verifyLoginWithValidCredentials</b><br>Test class: com.tutorialsninja.qa.TestCases.LoginTest<br>Parameters: seleniumpanda5@gmail.com, Selenium@123</td>
<td></td>
<td>0</td>
<td>com.tutorialsninja.qa.TestCases.LoginTest@43ee72e6</td></tr>
<tr>
<td title='com.tutorialsninja.qa.TestCases.SearchProductTest.verifySearchWithNoProduct()'><b>verifySearchWithNoProduct</b><br>Test class: com.tutorialsninja.qa.TestCases.SearchProductTest</td>
<td></td>
<td>0</td>
<td>com.tutorialsninja.qa.TestCases.SearchProductTest@4fe767f3</td></tr>
</table><p>
</body>
</html>